{"level":"INFO","timestamp":"2019-08-01 10:26:48.522","file":"go-juejin/main.go:31","msg":"111111111111111"}
{"level":"INFO","timestamp":"2019-08-01 10:26:48.709","file":"go-juejin/main.go:31","msg":"111111111111111"}
{"level":"INFO","timestamp":"2019-08-01 10:26:48.814","file":"go-juejin/main.go:31","msg":"111111111111111"}
{"level":"INFO","timestamp":"2019-08-01 10:26:48.916","file":"go-juejin/main.go:31","msg":"111111111111111"}
{"level":"INFO","timestamp":"2019-08-01 10:26:49.018","file":"go-juejin/main.go:31","msg":"111111111111111"}
{"level":"INFO","timestamp":"2019-08-01 10:26:49.118","file":"go-juejin/main.go:31","msg":"111111111111111"}
{"level":"INFO","timestamp":"2019-08-01 10:26:49.218","file":"go-juejin/main.go:31","msg":"111111111111111"}
{"level":"INFO","timestamp":"2019-08-01 10:26:49.319","file":"go-juejin/main.go:31","msg":"111111111111111"}
{"level":"INFO","timestamp":"2019-08-01 10:26:49.420","file":"go-juejin/main.go:31","msg":"111111111111111"}
{"level":"INFO","timestamp":"2019-08-01 10:26:49.520","file":"go-juejin/main.go:31","msg":"111111111111111"}
{"level":"INFO","timestamp":"2019-08-01 10:26:49.623","file":"go-juejin/main.go:31","msg":"111111111111111"}
{"level":"INFO","timestamp":"2019-08-01 10:26:49.724","file":"go-juejin/main.go:31","msg":"111111111111111"}
{"level":"INFO","timestamp":"2019-08-01 10:26:49.827","file":"go-juejin/main.go:31","msg":"111111111111111"}
{"level":"INFO","timestamp":"2019-08-01 10:26:49.929","file":"go-juejin/main.go:31","msg":"111111111111111"}
{"level":"INFO","timestamp":"2019-08-01 10:26:50.030","file":"go-juejin/main.go:31","msg":"111111111111111"}
{"level":"INFO","timestamp":"2019-08-01 10:26:50.131","file":"go-juejin/main.go:31","msg":"111111111111111"}
{"level":"INFO","timestamp":"2019-08-01 10:26:50.231","file":"go-juejin/main.go:31","msg":"111111111111111"}
{"level":"INFO","timestamp":"2019-08-01 10:26:50.333","file":"go-juejin/main.go:31","msg":"111111111111111"}
{"level":"INFO","timestamp":"2019-08-01 10:26:50.435","file":"go-juejin/main.go:31","msg":"111111111111111"}
{"level":"INFO","timestamp":"2019-08-01 10:26:50.539","file":"go-juejin/main.go:31","msg":"111111111111111"}
{"level":"INFO","timestamp":"2019-08-01 10:26:50.643","file":"go-juejin/main.go:31","msg":"111111111111111"}
{"level":"INFO","timestamp":"2019-08-01 10:26:50.746","file":"go-juejin/main.go:31","msg":"111111111111111"}
{"level":"INFO","timestamp":"2019-08-01 10:26:50.846","file":"go-juejin/main.go:31","msg":"111111111111111"}
{"level":"INFO","timestamp":"2019-08-01 10:26:50.948","file":"go-juejin/main.go:31","msg":"111111111111111"}
{"level":"INFO","timestamp":"2019-08-01 10:26:51.048","file":"go-juejin/main.go:31","msg":"111111111111111"}
{"level":"INFO","timestamp":"2019-08-01 10:26:51.153","file":"go-juejin/main.go:31","msg":"111111111111111"}
{"level":"INFO","timestamp":"2019-08-01 10:26:51.255","file":"go-juejin/main.go:31","msg":"111111111111111"}
{"level":"INFO","timestamp":"2019-08-01 10:26:51.360","file":"go-juejin/main.go:31","msg":"111111111111111"}
{"level":"INFO","timestamp":"2019-08-01 10:26:51.464","file":"go-juejin/main.go:31","msg":"111111111111111"}
{"level":"INFO","timestamp":"2019-08-01 10:26:51.565","file":"go-juejin/main.go:31","msg":"111111111111111"}
{"level":"INFO","timestamp":"2019-08-01 10:26:51.667","file":"go-juejin/main.go:31","msg":"111111111111111"}
{"level":"INFO","timestamp":"2019-08-01 10:26:51.768","file":"go-juejin/main.go:31","msg":"111111111111111"}
{"level":"INFO","timestamp":"2019-08-01 10:26:51.873","file":"go-juejin/main.go:31","msg":"111111111111111"}
{"level":"INFO","timestamp":"2019-08-01 10:26:51.976","file":"go-juejin/main.go:31","msg":"111111111111111"}
{"level":"INFO","timestamp":"2019-08-01 10:26:52.077","file":"go-juejin/main.go:31","msg":"111111111111111"}
{"level":"INFO","timestamp":"2019-08-01 10:26:52.181","file":"go-juejin/main.go:31","msg":"111111111111111"}
{"level":"INFO","timestamp":"2019-08-01 10:26:52.286","file":"go-juejin/main.go:31","msg":"111111111111111"}
{"level":"INFO","timestamp":"2019-08-01 10:26:52.388","file":"go-juejin/main.go:31","msg":"111111111111111"}
{"level":"INFO","timestamp":"2019-08-01 10:26:52.492","file":"go-juejin/main.go:31","msg":"111111111111111"}
{"level":"INFO","timestamp":"2019-08-01 10:26:52.593","file":"go-juejin/main.go:31","msg":"111111111111111"}
{"level":"INFO","timestamp":"2019-08-01 10:26:52.698","file":"go-juejin/main.go:31","msg":"111111111111111"}
{"level":"INFO","timestamp":"2019-08-01 10:26:52.802","file":"go-juejin/main.go:31","msg":"111111111111111"}
{"level":"INFO","timestamp":"2019-08-01 10:26:52.905","file":"go-juejin/main.go:31","msg":"111111111111111"}
{"level":"INFO","timestamp":"2019-08-01 10:26:53.005","file":"go-juejin/main.go:31","msg":"111111111111111"}
{"level":"INFO","timestamp":"2019-08-01 10:26:53.107","file":"go-juejin/main.go:31","msg":"111111111111111"}
{"level":"INFO","timestamp":"2019-08-01 10:26:53.210","file":"go-juejin/main.go:31","msg":"111111111111111"}
{"level":"INFO","timestamp":"2019-08-01 10:26:53.313","file":"go-juejin/main.go:31","msg":"111111111111111"}
{"level":"INFO","timestamp":"2019-08-01 10:26:53.416","file":"go-juejin/main.go:31","msg":"111111111111111"}
{"level":"INFO","timestamp":"2019-08-01 10:26:53.516","file":"go-juejin/main.go:31","msg":"111111111111111"}
{"level":"INFO","timestamp":"2019-08-01 10:26:53.621","file":"go-juejin/main.go:31","msg":"111111111111111"}
{"level":"INFO","timestamp":"2019-08-01 10:26:53.723","file":"go-juejin/main.go:31","msg":"111111111111111"}
{"level":"INFO","timestamp":"2019-08-01 10:26:53.824","file":"go-juejin/main.go:31","msg":"111111111111111"}
{"level":"INFO","timestamp":"2019-08-01 10:26:53.925","file":"go-juejin/main.go:31","msg":"111111111111111"}
{"level":"INFO","timestamp":"2019-08-01 10:26:54.026","file":"go-juejin/main.go:31","msg":"111111111111111"}
{"level":"INFO","timestamp":"2019-08-01 10:26:54.130","file":"go-juejin/main.go:31","msg":"111111111111111"}
{"level":"INFO","timestamp":"2019-08-01 10:26:54.231","file":"go-juejin/main.go:31","msg":"111111111111111"}
{"level":"INFO","timestamp":"2019-08-01 10:26:54.332","file":"go-juejin/main.go:31","msg":"111111111111111"}
{"level":"INFO","timestamp":"2019-08-01 10:26:54.433","file":"go-juejin/main.go:31","msg":"111111111111111"}
{"level":"INFO","timestamp":"2019-08-01 10:26:54.537","file":"go-juejin/main.go:31","msg":"111111111111111"}
{"level":"INFO","timestamp":"2019-08-01 10:26:54.640","file":"go-juejin/main.go:31","msg":"111111111111111"}
{"level":"INFO","timestamp":"2019-08-01 10:26:54.743","file":"go-juejin/main.go:31","msg":"111111111111111"}
{"level":"INFO","timestamp":"2019-08-01 10:26:54.847","file":"go-juejin/main.go:31","msg":"111111111111111"}
{"level":"INFO","timestamp":"2019-08-01 10:26:54.947","file":"go-juejin/main.go:31","msg":"111111111111111"}
{"level":"INFO","timestamp":"2019-08-01 10:26:55.050","file":"go-juejin/main.go:31","msg":"111111111111111"}
{"level":"INFO","timestamp":"2019-08-01 10:26:55.152","file":"go-juejin/main.go:31","msg":"111111111111111"}
{"level":"INFO","timestamp":"2019-08-01 10:26:55.255","file":"go-juejin/main.go:31","msg":"111111111111111"}
{"level":"INFO","timestamp":"2019-08-01 10:26:55.360","file":"go-juejin/main.go:31","msg":"111111111111111"}
{"level":"INFO","timestamp":"2019-08-01 10:26:55.464","file":"go-juejin/main.go:31","msg":"111111111111111"}
{"level":"INFO","timestamp":"2019-08-01 10:26:55.564","file":"go-juejin/main.go:31","msg":"111111111111111"}
{"level":"INFO","timestamp":"2019-08-01 10:26:55.670","file":"go-juejin/main.go:31","msg":"111111111111111"}
{"level":"INFO","timestamp":"2019-08-01 10:26:55.772","file":"go-juejin/main.go:31","msg":"111111111111111"}
{"level":"INFO","timestamp":"2019-08-01 10:26:55.873","file":"go-juejin/main.go:31","msg":"111111111111111"}
{"level":"INFO","timestamp":"2019-08-01 10:26:55.977","file":"go-juejin/main.go:31","msg":"111111111111111"}
{"level":"INFO","timestamp":"2019-08-01 10:26:56.080","file":"go-juejin/main.go:31","msg":"111111111111111"}
{"level":"INFO","timestamp":"2019-08-01 10:26:56.182","file":"go-juejin/main.go:31","msg":"111111111111111"}
{"level":"INFO","timestamp":"2019-08-01 10:26:56.283","file":"go-juejin/main.go:31","msg":"111111111111111"}
{"level":"INFO","timestamp":"2019-08-01 10:26:56.384","file":"go-juejin/main.go:31","msg":"111111111111111"}
{"level":"INFO","timestamp":"2019-08-01 10:26:56.489","file":"go-juejin/main.go:31","msg":"111111111111111"}
{"level":"INFO","timestamp":"2019-08-01 10:26:56.590","file":"go-juejin/main.go:31","msg":"111111111111111"}
{"level":"INFO","timestamp":"2019-08-01 10:26:56.692","file":"go-juejin/main.go:31","msg":"111111111111111"}
{"level":"INFO","timestamp":"2019-08-01 10:26:56.793","file":"go-juejin/main.go:31","msg":"111111111111111"}
{"level":"INFO","timestamp":"2019-08-01 10:26:56.897","file":"go-juejin/main.go:31","msg":"111111111111111"}
{"level":"INFO","timestamp":"2019-08-01 10:26:56.997","file":"go-juejin/main.go:31","msg":"111111111111111"}
{"level":"INFO","timestamp":"2019-08-01 10:26:57.098","file":"go-juejin/main.go:31","msg":"111111111111111"}
{"level":"INFO","timestamp":"2019-08-01 10:26:57.198","file":"go-juejin/main.go:31","msg":"111111111111111"}
{"level":"INFO","timestamp":"2019-08-01 10:26:57.298","file":"go-juejin/main.go:31","msg":"111111111111111"}
{"level":"INFO","timestamp":"2019-08-01 10:26:57.399","file":"go-juejin/main.go:31","msg":"111111111111111"}
{"level":"INFO","timestamp":"2019-08-01 10:26:57.500","file":"go-juejin/main.go:31","msg":"111111111111111"}
{"level":"INFO","timestamp":"2019-08-01 10:26:57.600","file":"go-juejin/main.go:31","msg":"111111111111111"}
{"level":"INFO","timestamp":"2019-08-01 10:26:57.705","file":"go-juejin/main.go:31","msg":"111111111111111"}
{"level":"INFO","timestamp":"2019-08-01 10:26:57.810","file":"go-juejin/main.go:31","msg":"111111111111111"}
{"level":"INFO","timestamp":"2019-08-01 10:26:57.913","file":"go-juejin/main.go:31","msg":"111111111111111"}
{"level":"INFO","timestamp":"2019-08-01 10:26:58.018","file":"go-juejin/main.go:31","msg":"111111111111111"}
{"level":"INFO","timestamp":"2019-08-01 10:26:58.118","file":"go-juejin/main.go:31","msg":"111111111111111"}
{"level":"INFO","timestamp":"2019-08-01 10:26:58.221","file":"go-juejin/main.go:31","msg":"111111111111111"}
{"level":"INFO","timestamp":"2019-08-01 10:26:58.321","file":"go-juejin/main.go:31","msg":"111111111111111"}
{"level":"INFO","timestamp":"2019-08-01 10:26:58.426","file":"go-juejin/main.go:31","msg":"111111111111111"}
{"level":"INFO","timestamp":"2019-08-01 10:26:58.526","file":"go-juejin/main.go:31","msg":"111111111111111"}
{"level":"INFO","timestamp":"2019-08-01 10:26:58.629","file":"go-juejin/main.go:31","msg":"111111111111111"}
{"level":"INFO","timestamp":"2019-08-01 10:26:58.729","file":"go-juejin/main.go:31","msg":"111111111111111"}
{"level":"INFO","timestamp":"2019-08-01 10:26:58.830","file":"go-juejin/main.go:31","msg":"111111111111111"}
{"level":"INFO","timestamp":"2019-08-01 10:26:58.933","file":"go-juejin/main.go:31","msg":"111111111111111"}
{"level":"INFO","timestamp":"2019-08-01 10:26:59.034","file":"go-juejin/main.go:31","msg":"111111111111111"}
{"level":"INFO","timestamp":"2019-08-01 10:26:59.136","file":"go-juejin/main.go:31","msg":"111111111111111"}
{"level":"INFO","timestamp":"2019-08-01 10:26:59.238","file":"go-juejin/main.go:31","msg":"111111111111111"}
{"level":"INFO","timestamp":"2019-08-01 10:26:59.338","file":"go-juejin/main.go:31","msg":"111111111111111"}
{"level":"INFO","timestamp":"2019-08-01 10:26:59.443","file":"go-juejin/main.go:31","msg":"111111111111111"}
{"level":"INFO","timestamp":"2019-08-01 10:26:59.543","file":"go-juejin/main.go:31","msg":"111111111111111"}
{"level":"INFO","timestamp":"2019-08-01 10:26:59.646","file":"go-juejin/main.go:31","msg":"111111111111111"}
{"level":"INFO","timestamp":"2019-08-01 10:26:59.746","file":"go-juejin/main.go:31","msg":"111111111111111"}
{"level":"INFO","timestamp":"2019-08-01 10:26:59.847","file":"go-juejin/main.go:31","msg":"111111111111111"}
{"level":"INFO","timestamp":"2019-08-01 10:26:59.947","file":"go-juejin/main.go:31","msg":"111111111111111"}
{"level":"INFO","timestamp":"2019-08-01 10:27:00.047","file":"go-juejin/main.go:31","msg":"111111111111111"}
{"level":"INFO","timestamp":"2019-08-01 10:27:00.152","file":"go-juejin/main.go:31","msg":"111111111111111"}
{"level":"INFO","timestamp":"2019-08-01 10:27:00.257","file":"go-juejin/main.go:31","msg":"111111111111111"}
{"level":"INFO","timestamp":"2019-08-01 10:27:00.359","file":"go-juejin/main.go:31","msg":"111111111111111"}
{"level":"INFO","timestamp":"2019-08-01 10:27:00.463","file":"go-juejin/main.go:31","msg":"111111111111111"}
{"level":"INFO","timestamp":"2019-08-01 10:27:00.567","file":"go-juejin/main.go:31","msg":"111111111111111"}
{"level":"INFO","timestamp":"2019-08-01 10:27:00.672","file":"go-juejin/main.go:31","msg":"111111111111111"}
{"level":"INFO","timestamp":"2019-08-01 10:27:00.776","file":"go-juejin/main.go:31","msg":"111111111111111"}
{"level":"INFO","timestamp":"2019-08-01 10:27:00.879","file":"go-juejin/main.go:31","msg":"111111111111111"}
{"level":"INFO","timestamp":"2019-08-01 10:27:00.984","file":"go-juejin/main.go:31","msg":"111111111111111"}
{"level":"INFO","timestamp":"2019-08-01 10:27:01.087","file":"go-juejin/main.go:31","msg":"111111111111111"}
{"level":"INFO","timestamp":"2019-08-01 10:27:01.191","file":"go-juejin/main.go:31","msg":"111111111111111"}
{"level":"INFO","timestamp":"2019-08-01 10:27:01.296","file":"go-juejin/main.go:31","msg":"111111111111111"}
{"level":"INFO","timestamp":"2019-08-01 10:27:01.401","file":"go-juejin/main.go:31","msg":"111111111111111"}
{"level":"INFO","timestamp":"2019-08-01 10:27:01.505","file":"go-juejin/main.go:31","msg":"111111111111111"}
{"level":"INFO","timestamp":"2019-08-01 10:27:01.609","file":"go-juejin/main.go:31","msg":"111111111111111"}
{"level":"INFO","timestamp":"2019-08-01 10:27:01.711","file":"go-juejin/main.go:31","msg":"111111111111111"}
{"level":"INFO","timestamp":"2019-08-01 10:27:01.814","file":"go-juejin/main.go:31","msg":"111111111111111"}
{"level":"INFO","timestamp":"2019-08-01 10:27:01.916","file":"go-juejin/main.go:31","msg":"111111111111111"}
{"level":"INFO","timestamp":"2019-08-01 10:27:02.017","file":"go-juejin/main.go:31","msg":"111111111111111"}
{"level":"INFO","timestamp":"2019-08-01 10:27:02.119","file":"go-juejin/main.go:31","msg":"111111111111111"}
{"level":"INFO","timestamp":"2019-08-01 10:27:02.222","file":"go-juejin/main.go:31","msg":"111111111111111"}
{"level":"INFO","timestamp":"2019-08-01 10:27:02.326","file":"go-juejin/main.go:31","msg":"111111111111111"}
{"level":"INFO","timestamp":"2019-08-01 10:27:02.428","file":"go-juejin/main.go:31","msg":"111111111111111"}
{"level":"INFO","timestamp":"2019-08-01 10:27:02.528","file":"go-juejin/main.go:31","msg":"111111111111111"}
{"level":"INFO","timestamp":"2019-08-01 10:27:02.629","file":"go-juejin/main.go:31","msg":"111111111111111"}
{"level":"INFO","timestamp":"2019-08-01 10:27:02.730","file":"go-juejin/main.go:31","msg":"111111111111111"}
{"level":"INFO","timestamp":"2019-08-01 10:27:02.830","file":"go-juejin/main.go:31","msg":"111111111111111"}
{"level":"INFO","timestamp":"2019-08-01 10:27:02.930","file":"go-juejin/main.go:31","msg":"111111111111111"}
{"level":"INFO","timestamp":"2019-08-01 10:27:03.035","file":"go-juejin/main.go:31","msg":"111111111111111"}
{"level":"INFO","timestamp":"2019-08-01 10:27:03.140","file":"go-juejin/main.go:31","msg":"111111111111111"}
{"level":"INFO","timestamp":"2019-08-01 10:27:03.242","file":"go-juejin/main.go:31","msg":"111111111111111"}
{"level":"INFO","timestamp":"2019-08-01 10:27:03.346","file":"go-juejin/main.go:31","msg":"111111111111111"}
{"level":"INFO","timestamp":"2019-08-01 10:27:03.451","file":"go-juejin/main.go:31","msg":"111111111111111"}
{"level":"INFO","timestamp":"2019-08-01 10:27:03.551","file":"go-juejin/main.go:31","msg":"111111111111111"}
{"level":"INFO","timestamp":"2019-08-01 10:27:03.652","file":"go-juejin/main.go:31","msg":"111111111111111"}
{"level":"INFO","timestamp":"2019-08-01 10:27:03.756","file":"go-juejin/main.go:31","msg":"111111111111111"}
{"level":"INFO","timestamp":"2019-08-01 10:27:03.860","file":"go-juejin/main.go:31","msg":"111111111111111"}
{"level":"INFO","timestamp":"2019-08-01 10:27:03.961","file":"go-juejin/main.go:31","msg":"111111111111111"}
{"level":"INFO","timestamp":"2019-08-01 10:27:04.064","file":"go-juejin/main.go:31","msg":"111111111111111"}
{"level":"INFO","timestamp":"2019-08-01 10:27:04.168","file":"go-juejin/main.go:31","msg":"111111111111111"}
{"level":"INFO","timestamp":"2019-08-01 10:27:04.271","file":"go-juejin/main.go:31","msg":"111111111111111"}
{"level":"INFO","timestamp":"2019-08-01 10:27:04.371","file":"go-juejin/main.go:31","msg":"111111111111111"}
{"level":"INFO","timestamp":"2019-08-01 10:27:04.475","file":"go-juejin/main.go:31","msg":"111111111111111"}
{"level":"INFO","timestamp":"2019-08-01 10:27:04.577","file":"go-juejin/main.go:31","msg":"111111111111111"}
{"level":"INFO","timestamp":"2019-08-01 10:27:04.682","file":"go-juejin/main.go:31","msg":"111111111111111"}
{"level":"INFO","timestamp":"2019-08-01 10:27:04.783","file":"go-juejin/main.go:31","msg":"111111111111111"}
{"level":"INFO","timestamp":"2019-08-01 10:27:04.887","file":"go-juejin/main.go:31","msg":"111111111111111"}
{"level":"INFO","timestamp":"2019-08-01 10:27:04.989","file":"go-juejin/main.go:31","msg":"111111111111111"}
{"level":"INFO","timestamp":"2019-08-01 10:27:05.092","file":"go-juejin/main.go:31","msg":"111111111111111"}
{"level":"INFO","timestamp":"2019-08-01 10:27:05.194","file":"go-juejin/main.go:31","msg":"111111111111111"}
{"level":"INFO","timestamp":"2019-08-01 10:27:05.298","file":"go-juejin/main.go:31","msg":"111111111111111"}
{"level":"INFO","timestamp":"2019-08-01 10:27:05.401","file":"go-juejin/main.go:31","msg":"111111111111111"}
{"level":"INFO","timestamp":"2019-08-01 10:27:05.503","file":"go-juejin/main.go:31","msg":"111111111111111"}
{"level":"INFO","timestamp":"2019-08-01 10:27:05.606","file":"go-juejin/main.go:31","msg":"111111111111111"}
{"level":"INFO","timestamp":"2019-08-01 10:27:05.711","file":"go-juejin/main.go:31","msg":"111111111111111"}
{"level":"INFO","timestamp":"2019-08-01 10:27:05.814","file":"go-juejin/main.go:31","msg":"111111111111111"}
{"level":"INFO","timestamp":"2019-08-01 10:27:05.914","file":"go-juejin/main.go:31","msg":"111111111111111"}
{"level":"INFO","timestamp":"2019-08-01 10:27:06.014","file":"go-juejin/main.go:31","msg":"111111111111111"}
{"level":"INFO","timestamp":"2019-08-01 10:27:06.116","file":"go-juejin/main.go:31","msg":"111111111111111"}
{"level":"INFO","timestamp":"2019-08-01 10:27:06.217","file":"go-juejin/main.go:31","msg":"111111111111111"}
{"level":"INFO","timestamp":"2019-08-01 10:27:06.318","file":"go-juejin/main.go:31","msg":"111111111111111"}
{"level":"INFO","timestamp":"2019-08-01 10:27:06.418","file":"go-juejin/main.go:31","msg":"111111111111111"}
{"level":"INFO","timestamp":"2019-08-01 10:27:06.520","file":"go-juejin/main.go:31","msg":"111111111111111"}
{"level":"INFO","timestamp":"2019-08-01 10:27:06.622","file":"go-juejin/main.go:31","msg":"111111111111111"}
{"level":"INFO","timestamp":"2019-08-01 10:27:06.726","file":"go-juejin/main.go:31","msg":"111111111111111"}
{"level":"INFO","timestamp":"2019-08-01 10:27:06.828","file":"go-juejin/main.go:31","msg":"111111111111111"}
{"level":"INFO","timestamp":"2019-08-01 10:27:06.933","file":"go-juejin/main.go:31","msg":"111111111111111"}
{"level":"INFO","timestamp":"2019-08-01 10:27:07.033","file":"go-juejin/main.go:31","msg":"111111111111111"}
{"level":"INFO","timestamp":"2019-08-01 10:27:07.135","file":"go-juejin/main.go:31","msg":"111111111111111"}
{"level":"INFO","timestamp":"2019-08-01 10:27:07.240","file":"go-juejin/main.go:31","msg":"111111111111111"}
{"level":"INFO","timestamp":"2019-08-01 10:27:07.345","file":"go-juejin/main.go:31","msg":"111111111111111"}
{"level":"INFO","timestamp":"2019-08-01 10:27:07.447","file":"go-juejin/main.go:31","msg":"111111111111111"}
{"level":"INFO","timestamp":"2019-08-01 10:27:07.550","file":"go-juejin/main.go:31","msg":"111111111111111"}
{"level":"INFO","timestamp":"2019-08-01 10:27:07.653","file":"go-juejin/main.go:31","msg":"111111111111111"}
{"level":"INFO","timestamp":"2019-08-01 10:27:07.753","file":"go-juejin/main.go:31","msg":"111111111111111"}
{"level":"INFO","timestamp":"2019-08-01 10:27:07.854","file":"go-juejin/main.go:31","msg":"111111111111111"}
{"level":"INFO","timestamp":"2019-08-01 10:27:07.957","file":"go-juejin/main.go:31","msg":"111111111111111"}
{"level":"INFO","timestamp":"2019-08-01 10:27:08.062","file":"go-juejin/main.go:31","msg":"111111111111111"}
{"level":"INFO","timestamp":"2019-08-01 10:27:08.164","file":"go-juejin/main.go:31","msg":"111111111111111"}
{"level":"INFO","timestamp":"2019-08-01 10:27:08.265","file":"go-juejin/main.go:31","msg":"111111111111111"}
{"level":"INFO","timestamp":"2019-08-01 10:27:08.368","file":"go-juejin/main.go:31","msg":"111111111111111"}
{"level":"INFO","timestamp":"2019-08-01 10:27:08.469","file":"go-juejin/main.go:31","msg":"111111111111111"}
{"level":"INFO","timestamp":"2019-08-01 10:27:08.569","file":"go-juejin/main.go:31","msg":"111111111111111"}
{"level":"INFO","timestamp":"2019-08-01 10:27:08.671","file":"go-juejin/main.go:31","msg":"111111111111111"}
{"level":"INFO","timestamp":"2019-08-01 10:27:08.774","file":"go-juejin/main.go:31","msg":"111111111111111"}
{"level":"INFO","timestamp":"2019-08-01 10:27:08.874","file":"go-juejin/main.go:31","msg":"111111111111111"}
{"level":"INFO","timestamp":"2019-08-01 10:27:08.978","file":"go-juejin/main.go:31","msg":"111111111111111"}
{"level":"INFO","timestamp":"2019-08-01 10:27:09.080","file":"go-juejin/main.go:31","msg":"111111111111111"}
{"level":"INFO","timestamp":"2019-08-01 10:27:09.184","file":"go-juejin/main.go:31","msg":"111111111111111"}
{"level":"INFO","timestamp":"2019-08-01 10:27:09.285","file":"go-juejin/main.go:31","msg":"111111111111111"}
{"level":"INFO","timestamp":"2019-08-01 10:27:09.386","file":"go-juejin/main.go:31","msg":"111111111111111"}
{"level":"INFO","timestamp":"2019-08-01 10:27:09.486","file":"go-juejin/main.go:31","msg":"111111111111111"}
{"level":"INFO","timestamp":"2019-08-01 10:27:09.590","file":"go-juejin/main.go:31","msg":"111111111111111"}
{"level":"INFO","timestamp":"2019-08-01 10:27:09.692","file":"go-juejin/main.go:31","msg":"111111111111111"}
{"level":"INFO","timestamp":"2019-08-01 10:27:09.795","file":"go-juejin/main.go:31","msg":"111111111111111"}
{"level":"INFO","timestamp":"2019-08-01 10:27:09.896","file":"go-juejin/main.go:31","msg":"111111111111111"}
{"level":"INFO","timestamp":"2019-08-01 10:27:10.000","file":"go-juejin/main.go:31","msg":"111111111111111"}
{"level":"INFO","timestamp":"2019-08-01 10:27:10.100","file":"go-juejin/main.go:31","msg":"111111111111111"}
{"level":"INFO","timestamp":"2019-08-01 10:27:10.203","file":"go-juejin/main.go:31","msg":"111111111111111"}
{"level":"INFO","timestamp":"2019-08-01 10:27:10.306","file":"go-juejin/main.go:31","msg":"111111111111111"}
{"level":"INFO","timestamp":"2019-08-01 10:27:10.410","file":"go-juejin/main.go:31","msg":"111111111111111"}
{"level":"INFO","timestamp":"2019-08-01 10:27:10.512","file":"go-juejin/main.go:31","msg":"111111111111111"}
{"level":"INFO","timestamp":"2019-08-01 10:27:10.615","file":"go-juejin/main.go:31","msg":"111111111111111"}
{"level":"INFO","timestamp":"2019-08-01 10:27:10.717","file":"go-juejin/main.go:31","msg":"111111111111111"}
{"level":"INFO","timestamp":"2019-08-01 10:27:10.818","file":"go-juejin/main.go:31","msg":"111111111111111"}
{"level":"INFO","timestamp":"2019-08-01 10:27:10.923","file":"go-juejin/main.go:31","msg":"111111111111111"}
{"level":"INFO","timestamp":"2019-08-01 10:27:11.026","file":"go-juejin/main.go:31","msg":"111111111111111"}
{"level":"INFO","timestamp":"2019-08-01 10:27:11.127","file":"go-juejin/main.go:31","msg":"111111111111111"}
{"level":"INFO","timestamp":"2019-08-01 10:27:11.228","file":"go-juejin/main.go:31","msg":"111111111111111"}
{"level":"INFO","timestamp":"2019-08-01 10:27:11.329","file":"go-juejin/main.go:31","msg":"111111111111111"}
{"level":"INFO","timestamp":"2019-08-01 10:27:11.430","file":"go-juejin/main.go:31","msg":"111111111111111"}
{"level":"INFO","timestamp":"2019-08-01 10:27:11.532","file":"go-juejin/main.go:31","msg":"111111111111111"}
{"level":"INFO","timestamp":"2019-08-01 10:27:11.637","file":"go-juejin/main.go:31","msg":"111111111111111"}
{"level":"INFO","timestamp":"2019-08-01 10:27:11.738","file":"go-juejin/main.go:31","msg":"111111111111111"}
{"level":"INFO","timestamp":"2019-08-01 10:27:11.840","file":"go-juejin/main.go:31","msg":"111111111111111"}
{"level":"INFO","timestamp":"2019-08-01 10:27:11.943","file":"go-juejin/main.go:31","msg":"111111111111111"}
{"level":"INFO","timestamp":"2019-08-01 10:27:12.048","file":"go-juejin/main.go:31","msg":"111111111111111"}
{"level":"INFO","timestamp":"2019-08-01 11:25:16.462","file":"go-juejin/main.go:51","msg":"Start to listening the incoming requests on http address: :8089"}
{"level":"INFO","timestamp":"2019-08-01 11:25:16.465","file":"go-juejin/main.go:49","msg":"The router has been deployed successfully."}
{"level":"INFO","timestamp":"2019-08-01 11:52:18.328","file":"go-juejin/main.go:51","msg":"Start to listening the incoming requests on http address: :8089"}
{"level":"INFO","timestamp":"2019-08-01 11:52:18.330","file":"go-juejin/main.go:49","msg":"The router has been deployed successfully."}
{"level":"DEBUG","timestamp":"2019-08-01 11:53:15.998","file":"user/create.go:27","msg":"username is: [admin], password is []"}
{"level":"INFO","timestamp":"2019-08-01 15:13:03.226","file":"go-juejin/main.go:51","msg":"Start to listening the incoming requests on http address: :8089"}
{"level":"INFO","timestamp":"2019-08-01 15:13:03.246","file":"go-juejin/main.go:49","msg":"The router has been deployed successfully."}
{"level":"INFO","timestamp":"2019-08-01 15:39:38.733","file":"go-juejin/main.go:51","msg":"Start to listening the incoming requests on http address: :8089"}
{"level":"INFO","timestamp":"2019-08-01 15:39:38.743","file":"go-juejin/main.go:49","msg":"The router has been deployed successfully."}
{"level":"INFO","timestamp":"2019-08-01 15:41:21.747","file":"go-juejin/main.go:51","msg":"Start to listening the incoming requests on http address: :8089"}
{"level":"INFO","timestamp":"2019-08-01 15:41:21.751","file":"go-juejin/main.go:49","msg":"The router has been deployed successfully."}
{"level":"INFO","timestamp":"2019-08-01 16:03:26.640","file":"go-juejin/main.go:51","msg":"Start to listening the incoming requests on http address: :8089"}
{"level":"INFO","timestamp":"2019-08-01 16:03:26.645","file":"go-juejin/main.go:49","msg":"The router has been deployed successfully."}
{"level":"DEBUG","timestamp":"2019-08-01 16:04:25.517","file":"user/create.go:27","msg":"username is: [admin], password is []"}
{"level":"DEBUG","timestamp":"2019-08-01 16:05:30.426","file":"user/create.go:27","msg":"username is: [], password is [admin]"}
{"level":"ERROR","timestamp":"2019-08-01 16:05:30.426","file":"user/create.go:30","msg":"Get an error","data":{"error":"Err - code: 20102, message: The user was not found. This is add message., error: username can not found in db: xx.xx.xx.xx"}}
{"level":"DEBUG","timestamp":"2019-08-01 16:05:30.426","file":"user/create.go:35","msg":"err type is ErrUserNotFound"}
{"level":"DEBUG","timestamp":"2019-08-01 16:10:15.036","file":"user/create.go:27","msg":"username is: [admin], password is []"}
{"level":"DEBUG","timestamp":"2019-08-01 16:12:03.601","file":"user/create.go:27","msg":"username is: [], password is [admin]"}
{"level":"ERROR","timestamp":"2019-08-01 16:12:03.602","file":"user/create.go:30","msg":"Get an error","data":{"error":"Err - code: 20102, message: The user was not found. This is add message., error: username can not found in db: xx.xx.xx.xx"}}
{"level":"DEBUG","timestamp":"2019-08-01 16:12:03.604","file":"user/create.go:35","msg":"err type is ErrUserNotFound"}
{"level":"DEBUG","timestamp":"2019-08-01 16:13:23.651","file":"user/create.go:27","msg":"username is: [admin], password is [admin]"}
{"level":"INFO","timestamp":"2019-08-01 16:43:04.281","file":"go-juejin/main.go:51","msg":"Start to listening the incoming requests on http address: :8089"}
{"level":"INFO","timestamp":"2019-08-01 16:43:04.294","file":"go-juejin/main.go:49","msg":"The router has been deployed successfully."}
{"level":"INFO","timestamp":"2019-08-01 16:43:40.942","file":"user/create.go:20","msg":"URL username: admin2"}
{"level":"INFO","timestamp":"2019-08-01 16:43:40.942","file":"user/create.go:23","msg":"URL key param desc: test"}
{"level":"INFO","timestamp":"2019-08-01 16:43:40.942","file":"user/create.go:26","msg":"Header Content-Type: application/json"}
{"level":"DEBUG","timestamp":"2019-08-01 16:43:40.942","file":"user/create.go:28","msg":"username is: [admin],password is [admin]"}
{"level":"INFO","timestamp":"2019-08-01 17:57:36.588","file":"go-juejin/main.go:51","msg":"Start to listening the incoming requests on http address: :8089"}
{"level":"INFO","timestamp":"2019-08-01 17:57:36.589","file":"go-juejin/main.go:49","msg":"The router has been deployed successfully."}
{"level":"INFO","timestamp":"2019-08-01 17:58:02.933","file":"user/create.go:15","msg":"User Create function called.","data":{"X-Request-Id":""}}
{"level":"INFO","timestamp":"2019-08-01 17:59:37.609","file":"user/create.go:15","msg":"User Create function called.","data":{"X-Request-Id":""}}
{"level":"INFO","timestamp":"2019-08-02 10:12:01.162","file":"go-juejin/main.go:51","msg":"Start to listening the incoming requests on http address: :8089"}
{"level":"INFO","timestamp":"2019-08-02 10:12:01.162","file":"go-juejin/main.go:63","msg":"Waiting for the router,retry in 1 second."}
{"level":"INFO","timestamp":"2019-08-02 10:12:02.163","file":"go-juejin/main.go:63","msg":"Waiting for the router,retry in 1 second."}
{"level":"INFO","timestamp":"2019-08-02 10:12:03.164","file":"go-juejin/main.go:63","msg":"Waiting for the router,retry in 1 second."}
{"level":"INFO","timestamp":"2019-08-02 10:12:04.170","file":"go-juejin/main.go:63","msg":"Waiting for the router,retry in 1 second."}
{"level":"INFO","timestamp":"2019-08-02 10:12:05.173","file":"go-juejin/main.go:63","msg":"Waiting for the router,retry in 1 second."}
{"level":"INFO","timestamp":"2019-08-02 10:12:06.178","file":"go-juejin/main.go:63","msg":"Waiting for the router,retry in 1 second."}
{"level":"INFO","timestamp":"2019-08-02 10:12:07.181","file":"go-juejin/main.go:63","msg":"Waiting for the router,retry in 1 second."}
{"level":"INFO","timestamp":"2019-08-02 10:12:08.182","file":"go-juejin/main.go:63","msg":"Waiting for the router,retry in 1 second."}
{"level":"INFO","timestamp":"2019-08-02 10:12:09.185","file":"go-juejin/main.go:63","msg":"Waiting for the router,retry in 1 second."}
{"level":"INFO","timestamp":"2019-08-02 10:12:10.190","file":"go-juejin/main.go:63","msg":"Waiting for the router,retry in 1 second."}
{"level":"FATAL","timestamp":"2019-08-02 10:12:11.194","file":"go-juejin/main.go:47","msg":"The router has no response, or it might took too long to start up.","data":{"error":"Cannot connect to the router.","trace":"goroutine 10 [running]:\ngithub.com/lexkong/log/lager.(*logger).logs(0xc0002c3620, 0xc0003bc8e0, 0x2, 0x2, 0x4, 0x48c7b2d, 0x42, 0x49d1da0, 0xc0003a08b0, 0x0, ...)\n\t/code/go/workspace/pkg/mod/github.com/lexkong/log@v0.0.0-20180607165131-972f9cd951fc/lager/logger.go:135 +0x8de\ngithub.com/lexkong/log/lager.(*logger).log(0xc0002c3620, 0x4, 0x48c7b2d, 0x42, 0x49d1da0, 0xc0003a08b0, 0x0, 0x0, 0x0)\n\t/code/go/workspace/pkg/mod/github.com/lexkong/log@v0.0.0-20180607165131-972f9cd951fc/lager/logger.go:123 +0xd9\ngithub.com/lexkong/log/lager.(*logger).Fatal(0xc0002c3620, 0x48c7b2d, 0x42, 0x49d1da0, 0xc0003a08b0, 0x0, 0x0, 0x0)\n\t/code/go/workspace/pkg/mod/github.com/lexkong/log@v0.0.0-20180607165131-972f9cd951fc/lager/logger.go:197 +0x83\ngithub.com/lexkong/log.Fatal(...)\n\t/code/go/workspace/pkg/mod/github.com/lexkong/log@v0.0.0-20180607165131-972f9cd951fc/st_lager.go:162\nmain.main.func1()\n\t/code/go/workspace/src/go-juejin/main.go:47 +0xc6\ncreated by main.main\n\t/code/go/workspace/src/go-juejin/main.go:45 +0x1a5\n"}}
{"level":"INFO","timestamp":"2019-08-02 10:13:06.807","file":"go-juejin/main.go:51","msg":"Start to listening the incoming requests on http address: :8089"}
{"level":"INFO","timestamp":"2019-08-02 10:13:06.807","file":"go-juejin/main.go:63","msg":"Waiting for the router,retry in 1 second."}
{"level":"INFO","timestamp":"2019-08-02 10:13:07.813","file":"go-juejin/main.go:63","msg":"Waiting for the router,retry in 1 second."}
{"level":"INFO","timestamp":"2019-08-02 10:13:08.818","file":"go-juejin/main.go:63","msg":"Waiting for the router,retry in 1 second."}
{"level":"INFO","timestamp":"2019-08-02 10:13:09.822","file":"go-juejin/main.go:63","msg":"Waiting for the router,retry in 1 second."}
{"level":"INFO","timestamp":"2019-08-02 10:13:10.826","file":"go-juejin/main.go:63","msg":"Waiting for the router,retry in 1 second."}
{"level":"INFO","timestamp":"2019-08-02 10:13:11.828","file":"go-juejin/main.go:63","msg":"Waiting for the router,retry in 1 second."}
{"level":"INFO","timestamp":"2019-08-02 10:13:12.828","file":"go-juejin/main.go:63","msg":"Waiting for the router,retry in 1 second."}
{"level":"INFO","timestamp":"2019-08-02 10:13:13.830","file":"go-juejin/main.go:63","msg":"Waiting for the router,retry in 1 second."}
{"level":"INFO","timestamp":"2019-08-02 10:13:14.831","file":"go-juejin/main.go:63","msg":"Waiting for the router,retry in 1 second."}
{"level":"INFO","timestamp":"2019-08-02 10:13:15.831","file":"go-juejin/main.go:63","msg":"Waiting for the router,retry in 1 second."}
{"level":"FATAL","timestamp":"2019-08-02 10:13:16.833","file":"go-juejin/main.go:47","msg":"The router has no response, or it might took too long to start up.","data":{"error":"Cannot connect to the router.","trace":"goroutine 51 [running]:\ngithub.com/lexkong/log/lager.(*logger).logs(0xc0003282a0, 0xc00009a440, 0x2, 0x2, 0x4, 0x48c7b2d, 0x42, 0x49d1da0, 0xc00008ed80, 0x0, ...)\n\t/code/go/workspace/pkg/mod/github.com/lexkong/log@v0.0.0-20180607165131-972f9cd951fc/lager/logger.go:135 +0x8de\ngithub.com/lexkong/log/lager.(*logger).log(0xc0003282a0, 0x4, 0x48c7b2d, 0x42, 0x49d1da0, 0xc00008ed80, 0x0, 0x0, 0x0)\n\t/code/go/workspace/pkg/mod/github.com/lexkong/log@v0.0.0-20180607165131-972f9cd951fc/lager/logger.go:123 +0xd9\ngithub.com/lexkong/log/lager.(*logger).Fatal(0xc0003282a0, 0x48c7b2d, 0x42, 0x49d1da0, 0xc00008ed80, 0x0, 0x0, 0x0)\n\t/code/go/workspace/pkg/mod/github.com/lexkong/log@v0.0.0-20180607165131-972f9cd951fc/lager/logger.go:197 +0x83\ngithub.com/lexkong/log.Fatal(...)\n\t/code/go/workspace/pkg/mod/github.com/lexkong/log@v0.0.0-20180607165131-972f9cd951fc/st_lager.go:162\nmain.main.func1()\n\t/code/go/workspace/src/go-juejin/main.go:47 +0xc6\ncreated by main.main\n\t/code/go/workspace/src/go-juejin/main.go:45 +0x1a5\n"}}
{"level":"INFO","timestamp":"2019-08-02 10:15:04.111","file":"go-juejin/main.go:51","msg":"Start to listening the incoming requests on http address: :8080"}
{"level":"INFO","timestamp":"2019-08-02 10:15:04.112","file":"go-juejin/main.go:49","msg":"The router has been deployed successfully."}
{"level":"INFO","timestamp":"2019-08-02 10:16:11.872","file":"user/create.go:15","msg":"User Create function called.","data":{"X-Request-Id":""}}
{"level":"INFO","timestamp":"2019-08-02 10:17:46.881","file":"go-juejin/main.go:51","msg":"Start to listening the incoming requests on http address: :8080"}
{"level":"INFO","timestamp":"2019-08-02 10:17:46.881","file":"go-juejin/main.go:63","msg":"Waiting for the router,retry in 1 second."}
{"level":"INFO","timestamp":"2019-08-02 10:17:47.884","file":"go-juejin/main.go:49","msg":"The router has been deployed successfully."}
{"level":"INFO","timestamp":"2019-08-02 10:17:52.163","file":"user/create.go:15","msg":"User Create function called.","data":{"X-Request-Id":""}}
{"level":"INFO","timestamp":"2019-08-02 10:31:27.075","file":"go-juejin/main.go:51","msg":"Start to listening the incoming requests on http address: :8080"}
{"level":"INFO","timestamp":"2019-08-02 10:31:27.076","file":"go-juejin/main.go:49","msg":"The router has been deployed successfully."}
{"level":"INFO","timestamp":"2019-08-02 10:31:53.827","file":"go-juejin/main.go:51","msg":"Start to listening the incoming requests on http address: :8080"}
{"level":"INFO","timestamp":"2019-08-02 10:31:53.827","file":"go-juejin/main.go:63","msg":"Waiting for the router,retry in 1 second."}
{"level":"INFO","timestamp":"2019-08-02 10:31:54.832","file":"go-juejin/main.go:49","msg":"The router has been deployed successfully."}
{"level":"INFO","timestamp":"2019-08-02 10:45:10.157","file":"go-juejin/main.go:51","msg":"Start to listening the incoming requests on http address: :8080"}
{"level":"INFO","timestamp":"2019-08-02 10:45:10.158","file":"go-juejin/main.go:49","msg":"The router has been deployed successfully."}
{"level":"INFO","timestamp":"2019-08-02 10:50:28.108","file":"user/update.go:16","msg":"Update function called.","data":{"X-Request-Id":""}}
{"level":"INFO","timestamp":"2019-08-02 10:55:45.894","file":"user/update.go:16","msg":"Update function called.","data":{"X-Request-Id":""}}
{"level":"INFO","timestamp":"2019-08-02 10:56:16.506","file":"user/create.go:15","msg":"User Create function called.","data":{"X-Request-Id":""}}
{"level":"INFO","timestamp":"2019-08-02 10:56:52.919","file":"user/update.go:16","msg":"Update function called.","data":{"X-Request-Id":""}}
{"level":"INFO","timestamp":"2019-08-02 11:52:43.507","file":"go-juejin/main.go:51","msg":"Start to listening the incoming requests on http address: :8080"}
{"level":"INFO","timestamp":"2019-08-02 11:52:43.507","file":"go-juejin/main.go:63","msg":"Waiting for the router,retry in 1 second."}
{"level":"INFO","timestamp":"2019-08-02 11:52:44.508","file":"go-juejin/main.go:49","msg":"The router has been deployed successfully."}
{"level":"INFO","timestamp":"2019-08-02 13:57:22.151","file":"go-juejin/main.go:51","msg":"Start to listening the incoming requests on http address: :8080"}
{"level":"INFO","timestamp":"2019-08-02 13:57:22.151","file":"go-juejin/main.go:49","msg":"The router has been deployed successfully."}
{"level":"INFO","timestamp":"2019-08-02 14:03:00.796","file":"go-juejin/main.go:51","msg":"Start to listening the incoming requests on http address: :8080"}
{"level":"INFO","timestamp":"2019-08-02 14:03:00.797","file":"go-juejin/main.go:49","msg":"The router has been deployed successfully."}
{"level":"INFO","timestamp":"2019-08-02 14:03:13.568","file":"user/create.go:16","msg":"User Create function called.","data":{"X-Request-Id":""}}
{"level":"INFO","timestamp":"2019-08-02 14:04:08.383","file":"go-juejin/main.go:51","msg":"Start to listening the incoming requests on http address: :8080"}
{"level":"INFO","timestamp":"2019-08-02 14:04:08.384","file":"go-juejin/main.go:49","msg":"The router has been deployed successfully."}
{"level":"INFO","timestamp":"2019-08-02 14:04:27.525","file":"go-juejin/main.go:51","msg":"Start to listening the incoming requests on http address: :8080"}
{"level":"INFO","timestamp":"2019-08-02 14:04:27.526","file":"go-juejin/main.go:49","msg":"The router has been deployed successfully."}
{"level":"INFO","timestamp":"2019-08-02 14:05:34.784","file":"user/create.go:16","msg":"User Create function called.","data":{"X-Request-Id":""}}
{"level":"INFO","timestamp":"2019-08-02 14:06:03.793","file":"user/create.go:16","msg":"User Create function called.","data":{"X-Request-Id":""}}
{"level":"INFO","timestamp":"2019-08-02 14:23:30.253","file":"go-juejin/main.go:51","msg":"Start to listening the incoming requests on http address: :8080"}
{"level":"INFO","timestamp":"2019-08-02 14:23:30.258","file":"go-juejin/main.go:49","msg":"The router has been deployed successfully."}
{"level":"INFO","timestamp":"2019-08-02 14:26:35.968","file":"go-juejin/main.go:51","msg":"Start to listening the incoming requests on http address: :8080"}
{"level":"INFO","timestamp":"2019-08-02 14:26:36.070","file":"go-juejin/main.go:49","msg":"The router has been deployed successfully."}
{"level":"INFO","timestamp":"2019-08-02 14:28:01.639","file":"go-juejin/main.go:51","msg":"Start to listening the incoming requests on http address: :8080"}
{"level":"INFO","timestamp":"2019-08-02 14:28:01.640","file":"go-juejin/main.go:49","msg":"The router has been deployed successfully."}
{"level":"INFO","timestamp":"2019-08-02 14:28:15.970","file":"go-juejin/main.go:51","msg":"Start to listening the incoming requests on http address: :8080"}
{"level":"INFO","timestamp":"2019-08-02 14:28:15.971","file":"go-juejin/main.go:63","msg":"Waiting for the router,retry in 1 second."}
{"level":"INFO","timestamp":"2019-08-02 14:28:16.975","file":"go-juejin/main.go:49","msg":"The router has been deployed successfully."}
{"level":"INFO","timestamp":"2019-08-02 14:28:20.953","file":"go-juejin/main.go:51","msg":"Start to listening the incoming requests on http address: :8080"}
{"level":"INFO","timestamp":"2019-08-02 14:28:20.958","file":"go-juejin/main.go:49","msg":"The router has been deployed successfully."}
{"level":"INFO","timestamp":"2019-08-02 14:30:30.011","file":"go-juejin/main.go:51","msg":"Start to listening the incoming requests on http address: :8080"}
{"level":"INFO","timestamp":"2019-08-02 14:30:30.016","file":"go-juejin/main.go:49","msg":"The router has been deployed successfully."}
{"level":"INFO","timestamp":"2019-08-02 14:31:29.097","file":"go-juejin/main.go:51","msg":"Start to listening the incoming requests on http address: :8080"}
{"level":"INFO","timestamp":"2019-08-02 14:31:29.097","file":"go-juejin/main.go:49","msg":"The router has been deployed successfully."}
{"level":"INFO","timestamp":"2019-08-02 14:32:13.785","file":"go-juejin/main.go:51","msg":"Start to listening the incoming requests on http address: :8080"}
{"level":"INFO","timestamp":"2019-08-02 14:32:13.786","file":"go-juejin/main.go:49","msg":"The router has been deployed successfully."}
{"level":"INFO","timestamp":"2019-08-02 14:32:37.793","file":"go-juejin/main.go:51","msg":"Start to listening the incoming requests on http address: :8080"}
{"level":"INFO","timestamp":"2019-08-02 14:32:37.794","file":"go-juejin/main.go:49","msg":"The router has been deployed successfully."}
{"level":"INFO","timestamp":"2019-08-02 14:34:06.990","file":"go-juejin/main.go:51","msg":"Start to listening the incoming requests on http address: :8080"}
{"level":"INFO","timestamp":"2019-08-02 14:34:06.992","file":"go-juejin/main.go:49","msg":"The router has been deployed successfully."}
{"level":"INFO","timestamp":"2019-08-02 15:26:57.266","file":"go-juejin/main.go:51","msg":"Start to listening the incoming requests on http address: :8080"}
{"level":"INFO","timestamp":"2019-08-02 15:26:57.267","file":"go-juejin/main.go:49","msg":"The router has been deployed successfully."}
{"level":"INFO","timestamp":"2019-08-02 15:27:14.699","file":"go-juejin/main.go:51","msg":"Start to listening the incoming requests on http address: :8080"}
{"level":"INFO","timestamp":"2019-08-02 15:27:14.700","file":"go-juejin/main.go:49","msg":"The router has been deployed successfully."}
{"level":"INFO","timestamp":"2019-08-02 15:34:52.326","file":"go-juejin/main.go:51","msg":"Start to listening the incoming requests on http address: :8080"}
{"level":"INFO","timestamp":"2019-08-02 15:34:52.327","file":"go-juejin/main.go:49","msg":"The router has been deployed successfully."}
{"level":"INFO","timestamp":"2019-08-02 15:39:04.939","file":"go-juejin/main.go:51","msg":"Start to listening the incoming requests on http address: :8080"}
{"level":"INFO","timestamp":"2019-08-02 15:39:04.941","file":"go-juejin/main.go:49","msg":"The router has been deployed successfully."}
{"level":"INFO","timestamp":"2019-08-02 15:39:07.924","file":"user/list.go:13","msg":"list start"}
{"level":"INFO","timestamp":"2019-08-02 15:39:07.927","file":"user/list.go:25","msg":"list end"}
{"level":"INFO","timestamp":"2019-08-02 15:39:36.754","file":"go-juejin/main.go:51","msg":"Start to listening the incoming requests on http address: :8080"}
{"level":"INFO","timestamp":"2019-08-02 15:39:36.754","file":"go-juejin/main.go:49","msg":"The router has been deployed successfully."}
{"level":"INFO","timestamp":"2019-08-02 15:39:39.583","file":"user/list.go:13","msg":"list start"}
{"level":"INFO","timestamp":"2019-08-02 15:39:39.588","file":"user/list.go:25","msg":"list end"}
{"level":"INFO","timestamp":"2019-08-02 15:39:46.063","file":"user/list.go:13","msg":"list start"}
{"level":"INFO","timestamp":"2019-08-02 15:39:46.070","file":"user/list.go:25","msg":"list end"}
{"level":"INFO","timestamp":"2019-08-02 15:39:50.889","file":"user/list.go:13","msg":"list start"}
{"level":"INFO","timestamp":"2019-08-02 15:39:50.891","file":"user/list.go:25","msg":"list end"}
{"level":"INFO","timestamp":"2019-08-02 15:40:09.886","file":"go-juejin/main.go:51","msg":"Start to listening the incoming requests on http address: :8080"}
{"level":"INFO","timestamp":"2019-08-02 15:40:09.889","file":"go-juejin/main.go:49","msg":"The router has been deployed successfully."}
{"level":"INFO","timestamp":"2019-08-02 15:40:16.491","file":"user/list.go:13","msg":"list start"}
{"level":"INFO","timestamp":"2019-08-02 15:40:16.495","file":"user/list.go:25","msg":"list end"}
{"level":"INFO","timestamp":"2019-08-02 15:40:21.498","file":"user/list.go:13","msg":"list start"}
{"level":"INFO","timestamp":"2019-08-02 15:40:21.501","file":"user/list.go:25","msg":"list end"}
{"level":"INFO","timestamp":"2019-08-02 15:40:30.160","file":"go-juejin/main.go:51","msg":"Start to listening the incoming requests on http address: :8080"}
{"level":"INFO","timestamp":"2019-08-02 15:40:30.163","file":"go-juejin/main.go:49","msg":"The router has been deployed successfully."}
{"level":"INFO","timestamp":"2019-08-02 15:47:15.396","file":"go-juejin/main.go:51","msg":"Start to listening the incoming requests on http address: :8080"}
{"level":"INFO","timestamp":"2019-08-02 15:47:15.397","file":"go-juejin/main.go:49","msg":"The router has been deployed successfully."}
{"level":"INFO","timestamp":"2019-08-02 15:49:04.253","file":"user/update.go:16","msg":"Update function called.","data":{"X-Request-Id":""}}
{"level":"INFO","timestamp":"2019-08-02 15:50:54.540","file":"go-juejin/main.go:51","msg":"Start to listening the incoming requests on http address: :8080"}
{"level":"INFO","timestamp":"2019-08-02 15:50:54.540","file":"go-juejin/main.go:49","msg":"The router has been deployed successfully."}
{"level":"INFO","timestamp":"2019-08-02 15:50:56.967","file":"user/update.go:17","msg":"Update function called.","data":{"X-Request-Id":""}}
{"level":"INFO","timestamp":"2019-08-02 15:51:57.917","file":"user/update.go:17","msg":"Update function called.","data":{"X-Request-Id":""}}
{"level":"INFO","timestamp":"2019-08-02 15:52:59.967","file":"user/update.go:17","msg":"Update function called.","data":{"X-Request-Id":""}}
{"level":"INFO","timestamp":"2019-08-02 15:54:14.388","file":"go-juejin/main.go:51","msg":"Start to listening the incoming requests on http address: :8080"}
{"level":"INFO","timestamp":"2019-08-02 15:54:14.390","file":"go-juejin/main.go:49","msg":"The router has been deployed successfully."}
{"level":"INFO","timestamp":"2019-08-02 15:54:21.160","file":"user/update.go:17","msg":"Update function called.","data":{"X-Request-Id":""}}
{"level":"INFO","timestamp":"2019-08-02 16:26:00.527","file":"go-juejin/main.go:54","msg":"Start to listening the incoming requests on http address: :8080"}
{"level":"INFO","timestamp":"2019-08-02 16:26:00.528","file":"go-juejin/main.go:52","msg":"The router has been deployed successfully."}
{"level":"INFO","timestamp":"2019-08-02 16:26:10.719","file":"user/list.go:13","msg":"list start"}
{"level":"INFO","timestamp":"2019-08-02 16:26:10.722","file":"user/list.go:25","msg":"list end"}
{"level":"INFO","timestamp":"2019-08-02 16:26:10.722","file":"middleware/logging.go:83","msg":"3.168ms       | 127.0.0.1    | GET /v1/user | {code: 0, message: OK}"}
{"level":"INFO","timestamp":"2019-08-02 16:27:06.142","file":"go-juejin/main.go:54","msg":"Start to listening the incoming requests on http address: :8080"}
{"level":"INFO","timestamp":"2019-08-02 16:27:06.143","file":"go-juejin/main.go:52","msg":"The router has been deployed successfully."}
{"level":"INFO","timestamp":"2019-08-02 16:27:10.325","file":"middleware/logging.go:83","msg":"2.242ms       | 127.0.0.1    | GET /v1/user | {code: 0, message: OK}"}
{"level":"INFO","timestamp":"2019-08-02 16:27:29.281","file":"go-juejin/main.go:54","msg":"Start to listening the incoming requests on http address: :8080"}
{"level":"INFO","timestamp":"2019-08-02 16:27:29.384","file":"go-juejin/main.go:52","msg":"The router has been deployed successfully."}
{"level":"INFO","timestamp":"2019-08-02 16:27:32.015","file":"middleware/logging.go:83","msg":"4.729ms       | 127.0.0.1    | GET /v1/user | {code: 0, message: OK}"}
{"level":"INFO","timestamp":"2019-08-02 16:27:51.652","file":"user/update.go:17","msg":"Update function called.","data":{"X-Request-Id":"e40a449d-531d-4f4d-9d8f-42fdea1d6d46"}}
{"level":"INFO","timestamp":"2019-08-02 16:27:51.717","file":"middleware/logging.go:83","msg":"65.351ms      | 127.0.0.1    | PUT /v1/user/3 | {code: 0, message: OK}"}
{"level":"INFO","timestamp":"2019-08-02 16:28:30.147","file":"go-juejin/main.go:54","msg":"Start to listening the incoming requests on http address: :8080"}
{"level":"INFO","timestamp":"2019-08-02 16:28:30.150","file":"go-juejin/main.go:52","msg":"The router has been deployed successfully."}
{"level":"INFO","timestamp":"2019-08-02 16:28:33.841","file":"user/update.go:16","msg":"Update function called.","data":{"X-Request-Id":"c64496b4-04c2-4d6d-b812-943a5464e895"}}
{"level":"INFO","timestamp":"2019-08-02 16:28:33.906","file":"middleware/logging.go:83","msg":"65.494ms      | 127.0.0.1    | PUT /v1/user/3 | {code: 0, message: OK}"}
{"level":"INFO","timestamp":"2019-08-02 16:29:00.313","file":"user/update.go:16","msg":"Update function called.","data":{"X-Request-Id":"8e81545f-fd43-4537-baaf-7f1b0e48738b"}}
{"level":"INFO","timestamp":"2019-08-02 16:29:00.378","file":"middleware/logging.go:83","msg":"64.349ms      | 127.0.0.1    | PUT /v1/user/3 | {code: 0, message: OK}"}
{"level":"INFO","timestamp":"2019-08-02 16:29:59.022","file":"go-juejin/main.go:54","msg":"Start to listening the incoming requests on http address: :8080"}
{"level":"INFO","timestamp":"2019-08-02 16:29:59.023","file":"go-juejin/main.go:52","msg":"The router has been deployed successfully."}
{"level":"INFO","timestamp":"2019-08-02 16:30:01.881","file":"user/update.go:16","msg":"Update function called.","data":{"X-Request-Id":"9896b3ed-94fe-41f8-8284-d46eca8b7c44"}}
{"level":"INFO","timestamp":"2019-08-02 16:30:01.946","file":"middleware/logging.go:83","msg":"65.157ms      | 127.0.0.1    | PUT /v1/user/3 | {code: 0, message: OK}"}
{"level":"INFO","timestamp":"2019-08-02 16:31:24.911","file":"go-juejin/main.go:54","msg":"Start to listening the incoming requests on http address: :8080"}
{"level":"INFO","timestamp":"2019-08-02 16:31:24.912","file":"go-juejin/main.go:52","msg":"The router has been deployed successfully."}
{"level":"DEBUG","timestamp":"2019-08-02 16:31:28.688","file":"middleware/logging.go:56","msg":"New request come in, path: /v1/user/3, Method: PUT, body `{\n\t\"username\":\"ray\",\n\t\"password\":\"123456\"\n}`"}
{"level":"INFO","timestamp":"2019-08-02 16:31:28.688","file":"user/update.go:16","msg":"Update function called.","data":{"X-Request-Id":"aa72db80-ce2d-4aca-9779-c64d928430b7"}}
{"level":"INFO","timestamp":"2019-08-02 16:31:28.755","file":"middleware/logging.go:83","msg":"67.404ms      | 127.0.0.1    | PUT /v1/user/3 | {code: 0, message: OK}"}
{"level":"DEBUG","timestamp":"2019-08-02 16:31:51.031","file":"middleware/logging.go:56","msg":"New request come in, path: /v1/user, Method: POST, body `{\n\t\"username\":\"lei\",\"password\":\"123456\"\n}`"}
{"level":"INFO","timestamp":"2019-08-02 16:31:51.031","file":"user/create.go:15","msg":"User Create function called.","data":{"X-Request-Id":"6d3a84f8-bc70-4220-bd68-493a31d7d61f"}}
{"level":"INFO","timestamp":"2019-08-02 16:31:51.103","file":"middleware/logging.go:83","msg":"72.05ms       | 127.0.0.1    | POST /v1/user | {code: 20002, message: Database error.}"}
{"level":"DEBUG","timestamp":"2019-08-02 16:31:59.866","file":"middleware/logging.go:56","msg":"New request come in, path: /v1/user, Method: POST, body `{\n\t\"username\":\"lei\",\"password\":\"123456\"\n}`"}
{"level":"INFO","timestamp":"2019-08-02 16:31:59.866","file":"user/create.go:15","msg":"User Create function called.","data":{"X-Request-Id":"07cebace-df75-486c-830f-2c8d29144705"}}
{"level":"INFO","timestamp":"2019-08-02 16:31:59.932","file":"middleware/logging.go:83","msg":"65.998ms      | 127.0.0.1    | POST /v1/user | {code: 20002, message: Database error.}"}
{"level":"DEBUG","timestamp":"2019-08-02 16:32:23.724","file":"middleware/logging.go:56","msg":"New request come in, path: /v1/user, Method: POST, body `{\n\t\"username\":\"hello\",\"password\":\"123456\"\n}`"}
{"level":"INFO","timestamp":"2019-08-02 16:32:23.724","file":"user/create.go:15","msg":"User Create function called.","data":{"X-Request-Id":"718b93aa-3b03-4026-a2b7-b71e8597a202"}}
{"level":"INFO","timestamp":"2019-08-02 16:32:23.790","file":"middleware/logging.go:83","msg":"65.337ms      | 127.0.0.1    | POST /v1/user | {code: 0, message: OK}"}
{"level":"INFO","timestamp":"2019-08-02 16:34:46.461","file":"go-juejin/main.go:54","msg":"Start to listening the incoming requests on http address: :8080"}
{"level":"INFO","timestamp":"2019-08-02 16:34:46.462","file":"go-juejin/main.go:52","msg":"The router has been deployed successfully."}
{"level":"DEBUG","timestamp":"2019-08-02 16:34:49.465","file":"middleware/logging.go:56","msg":"New request come in, path: /v1/user, Method: POST, body `{\n\t\"username\":\"hello\",\"password\":\"123456\"\n}`"}
{"level":"INFO","timestamp":"2019-08-02 16:34:49.465","file":"user/create.go:15","msg":"User Create function called.","data":{"X-Request-Id":"56e324ab-ad2f-4d47-a444-28e54cb5b480"}}
{"level":"ERROR","timestamp":"2019-08-02 16:34:49.529","file":"user/create.go:46","msg":"Create user err {{%!s(uint64=0) 2019-08-02 16:34:49.529414 +0800 CST m=+3.075278614 2019-08-02 16:34:49.529414 +0800 CST m=+3.075278614 \u003cnil\u003e} hello $2a$10$fSPmmuSaC2aO6na5h8.dKu5y3TY5u0qqaPMUZp0KfkOPQkqwFfxQu}","data":{"error":"Error 1062: Duplicate entry 'hello' for key 'username'"}}
{"level":"INFO","timestamp":"2019-08-02 16:34:49.530","file":"middleware/logging.go:83","msg":"64.58ms       | 127.0.0.1    | POST /v1/user | {code: 20002, message: Database error.}"}
{"level":"INFO","timestamp":"2019-08-02 17:18:40.971","file":"config/config.go:71","msg":"Config file changed: /code/go/workspace/src/go-juejin/conf/config.yaml"}
{"level":"INFO","timestamp":"2019-08-02 17:29:38.438","file":"go-juejin/main.go:54","msg":"Start to listening the incoming requests on http address: :8080"}
{"level":"INFO","timestamp":"2019-08-02 17:29:38.439","file":"go-juejin/main.go:52","msg":"The router has been deployed successfully."}
{"level":"DEBUG","timestamp":"2019-08-02 17:31:42.230","file":"middleware/logging.go:56","msg":"New request come in, path: /login, Method: POST, body `{\n\t\"username\":\"admin\",\n\t\"password\":\"admin\"\n}`"}
{"level":"INFO","timestamp":"2019-08-02 17:31:42.295","file":"middleware/logging.go:83","msg":"64.736ms      | 127.0.0.1    | POST /login | {code: 0, message: OK}"}
{"level":"DEBUG","timestamp":"2019-08-02 17:31:53.818","file":"middleware/logging.go:56","msg":"New request come in, path: /v1/user, Method: GET, body ``"}
{"level":"INFO","timestamp":"2019-08-02 17:31:53.819","file":"middleware/logging.go:83","msg":"153s         | 127.0.0.1    | GET /v1/user | {code: 20103, message: The token was invalid.}"}
{"level":"DEBUG","timestamp":"2019-08-02 17:32:32.633","file":"middleware/logging.go:56","msg":"New request come in, path: /v1/user, Method: GET, body ``"}
{"level":"INFO","timestamp":"2019-08-02 17:32:32.637","file":"middleware/logging.go:83","msg":"3.765ms       | 127.0.0.1    | GET /v1/user | {code: 0, message: OK}"}
{"level":"INFO","timestamp":"2019-08-02 17:33:47.053","file":"go-juejin/main.go:54","msg":"Start to listening the incoming requests on http address: :8080"}
{"level":"INFO","timestamp":"2019-08-02 17:33:47.056","file":"go-juejin/main.go:52","msg":"The router has been deployed successfully."}
{"level":"DEBUG","timestamp":"2019-08-02 17:33:52.530","file":"middleware/login.go:56","msg":"New request come in, path: /v1/user, Method: GET, body ``"}
{"level":"INFO","timestamp":"2019-08-02 17:33:52.533","file":"middleware/login.go:83","msg":"2.305ms       | 127.0.0.1    | GET /v1/user | {code: 0, message: OK}"}
